# JRE version: OpenJDK Runtime Environment (8.0_171-b11) (build 1.8.0_171-8u171-b11-0ubuntu0.18.04.1-b11)
# Java VM: OpenJDK 64-Bit Server VM (25.171-b11 mixed mode linux-amd64 compressed oops)
Heap:
 PSYoungGen      total 448512K, used 0K [0x00000000d6f80000, 0x0000000100000000, 0x0000000100000000)
  eden space 224768K, 0% used [0x00000000d6f80000,0x00000000d6f80000,0x00000000e4b00000)
  from space 223744K, 0% used [0x00000000f2580000,0x00000000f2580000,0x0000000100000000)
  to   space 223744K, 0% used [0x00000000e4b00000,0x00000000e4b00000,0x00000000f2580000)
 ParOldGen       total 556544K, used 525861K [0x0000000084e00000, 0x00000000a6d80000, 0x00000000d6f80000)
  object space 556544K, 94% used [0x0000000084e00000,0x00000000a4f894a8,0x00000000a6d80000)
 Metaspace       used 11266K, capacity 11554K, committed 11904K, reserved 1060864K
  class space    used 1240K, capacity 1332K, committed 1408K, reserved 1048576K
GC Heap History (10 events):
Event: 7.900 GC heap after
Heap after GC invocations=10 (full 3):
 PSYoungGen      total 283648K, used 150528K [0x00000000d6f80000, 0x00000000fe680000, 0x0000000100000000)
  eden space 133120K, 0% used [0x00000000d6f80000,0x00000000d6f80000,0x00000000df180000)
  from space 150528K, 100% used [0x00000000df180000,0x00000000e8480000,0x00000000e8480000)
  to   space 223744K, 0% used [0x00000000f0c00000,0x00000000f0c00000,0x00000000fe680000)
 ParOldGen       total 340992K, used 252759K [0x0000000084e00000, 0x0000000099b00000, 0x00000000d6f80000)
  object space 340992K, 74% used [0x0000000084e00000,0x00000000944d5e70,0x0000000099b00000)
 Metaspace       used 11261K, capacity 11554K, committed 11904K, reserved 1060864K
  class space    used 1240K, capacity 1332K, committed 1408K, reserved 1048576K
}
Event: 7.900 GC heap before
{Heap before GC invocations=11 (full 4):
 PSYoungGen      total 283648K, used 150528K [0x00000000d6f80000, 0x00000000fe680000, 0x0000000100000000)
  eden space 133120K, 0% used [0x00000000d6f80000,0x00000000d6f80000,0x00000000df180000)
  from space 150528K, 100% used [0x00000000df180000,0x00000000e8480000,0x00000000e8480000)
  to   space 223744K, 0% used [0x00000000f0c00000,0x00000000f0c00000,0x00000000fe680000)
 ParOldGen       total 340992K, used 252759K [0x0000000084e00000, 0x0000000099b00000, 0x00000000d6f80000)
  object space 340992K, 74% used [0x0000000084e00000,0x00000000944d5e70,0x0000000099b00000)
 Metaspace       used 11261K, capacity 11554K, committed 11904K, reserved 1060864K
  class space    used 1240K, capacity 1332K, committed 1408K, reserved 1048576K
Event: 10.689 GC heap after
Heap after GC invocations=11 (full 4):
 PSYoungGen      total 283648K, used 0K [0x00000000d6f80000, 0x00000000fe680000, 0x0000000100000000)
  eden space 133120K, 0% used [0x00000000d6f80000,0x00000000d6f80000,0x00000000df180000)
  from space 150528K, 0% used [0x00000000df180000,0x00000000df180000,0x00000000e8480000)
  to   space 223744K, 0% used [0x00000000f0c00000,0x00000000f0c00000,0x00000000fe680000)
 ParOldGen       total 520192K, used 273464K [0x0000000084e00000, 0x00000000a4a00000, 0x00000000d6f80000)
  object space 520192K, 52% used [0x0000000084e00000,0x000000009590e2b8,0x00000000a4a00000)
 Metaspace       used 11261K, capacity 11554K, committed 11904K, reserved 1060864K
  class space    used 1240K, capacity 1332K, committed 1408K, reserved 1048576K
}
Event: 10.769 GC heap before
{Heap before GC invocations=12 (full 4):
 PSYoungGen      total 283648K, used 133120K [0x00000000d6f80000, 0x00000000fe680000, 0x0000000100000000)
  eden space 133120K, 100% used [0x00000000d6f80000,0x00000000df180000,0x00000000df180000)
  from space 150528K, 0% used [0x00000000df180000,0x00000000df180000,0x00000000e8480000)
  to   space 223744K, 0% used [0x00000000f0c00000,0x00000000f0c00000,0x00000000fe680000)
 ParOldGen       total 520192K, used 273464K [0x0000000084e00000, 0x00000000a4a00000, 0x00000000d6f80000)
  object space 520192K, 52% used [0x0000000084e00000,0x000000009590e2b8,0x00000000a4a00000)
 Metaspace       used 11266K, capacity 11554K, committed 11904K, reserved 1060864K
  class space    used 1240K, capacity 1332K, committed 1408K, reserved 1048576K
Event: 11.201 GC heap after
Heap after GC invocations=12 (full 4):
 PSYoungGen      total 398848K, used 131488K [0x00000000d6f80000, 0x00000000fdb00000, 0x0000000100000000)
  eden space 186880K, 0% used [0x00000000d6f80000,0x00000000d6f80000,0x00000000e2600000)
  from space 211968K, 62% used [0x00000000f0c00000,0x00000000f8c68000,0x00000000fdb00000)
  to   space 223744K, 0% used [0x00000000e2600000,0x00000000e2600000,0x00000000f0080000)
 ParOldGen       total 520192K, used 273472K [0x0000000084e00000, 0x00000000a4a00000, 0x00000000d6f80000)
  object space 520192K, 52% used [0x0000000084e00000,0x00000000959102b8,0x00000000a4a00000)
 Metaspace       used 11266K, capacity 11554K, committed 11904K, reserved 1060864K
  class space    used 1240K, capacity 1332K, committed 1408K, reserved 1048576K
}
Event: 11.304 GC heap before
{Heap before GC invocations=13 (full 4):
 PSYoungGen      total 398848K, used 318368K [0x00000000d6f80000, 0x00000000fdb00000, 0x0000000100000000)
  eden space 186880K, 100% used [0x00000000d6f80000,0x00000000e2600000,0x00000000e2600000)
  from space 211968K, 62% used [0x00000000f0c00000,0x00000000f8c68000,0x00000000fdb00000)
  to   space 223744K, 0% used [0x00000000e2600000,0x00000000e2600000,0x00000000f0080000)
 ParOldGen       total 520192K, used 273472K [0x0000000084e00000, 0x00000000a4a00000, 0x00000000d6f80000)
  object space 520192K, 52% used [0x0000000084e00000,0x00000000959102b8,0x00000000a4a00000)
 Metaspace       used 11266K, capacity 11554K, committed 11904K, reserved 1060864K
  class space    used 1240K, capacity 1332K, committed 1408K, reserved 1048576K
Event: 12.341 GC heap after
Heap after GC invocations=13 (full 4):
 PSYoungGen      total 410624K, used 223744K [0x00000000d6f80000, 0x0000000100000000, 0x0000000100000000)
  eden space 186880K, 0% used [0x00000000d6f80000,0x00000000d6f80000,0x00000000e2600000)
  from space 223744K, 100% used [0x00000000e2600000,0x00000000f0080000,0x00000000f0080000)
  to   space 223744K, 0% used [0x00000000f2580000,0x00000000f2580000,0x0000000100000000)
 ParOldGen       total 520192K, used 368336K [0x0000000084e00000, 0x00000000a4a00000, 0x00000000d6f80000)
  object space 520192K, 70% used [0x0000000084e00000,0x000000009b5b42b8,0x00000000a4a00000)
 Metaspace       used 11266K, capacity 11554K, committed 11904K, reserved 1060864K
  class space    used 1240K, capacity 1332K, committed 1408K, reserved 1048576K
}
Event: 12.496 GC heap before
{Heap before GC invocations=14 (full 4):
 PSYoungGen      total 410624K, used 410624K [0x00000000d6f80000, 0x0000000100000000, 0x0000000100000000)
  eden space 186880K, 100% used [0x00000000d6f80000,0x00000000e2600000,0x00000000e2600000)
  from space 223744K, 100% used [0x00000000e2600000,0x00000000f0080000,0x00000000f0080000)
  to   space 223744K, 0% used [0x00000000f2580000,0x00000000f2580000,0x0000000100000000)
 ParOldGen       total 520192K, used 368336K [0x0000000084e00000, 0x00000000a4a00000, 0x00000000d6f80000)
  object space 520192K, 70% used [0x0000000084e00000,0x000000009b5b42b8,0x00000000a4a00000)
 Metaspace       used 11266K, capacity 11554K, committed 11904K, reserved 1060864K
  class space    used 1240K, capacity 1332K, committed 1408K, reserved 1048576K
Event: 13.596 GC heap after
Heap after GC invocations=14 (full 4):
 PSYoungGen      total 448512K, used 223744K [0x00000000d6f80000, 0x0000000100000000, 0x0000000100000000)
  eden space 224768K, 0% used [0x00000000d6f80000,0x00000000d6f80000,0x00000000e4b00000)
  from space 223744K, 100% used [0x00000000f2580000,0x0000000100000000,0x0000000100000000)
  to   space 223744K, 0% used [0x00000000e4b00000,0x00000000e4b00000,0x00000000f2580000)
 ParOldGen       total 556544K, used 555880K [0x0000000084e00000, 0x00000000a6d80000, 0x00000000d6f80000)
  object space 556544K, 99% used [0x0000000084e00000,0x00000000a6cda2b8,0x00000000a6d80000)
 Metaspace       used 11266K, capacity 11554K, committed 11904K, reserved 1060864K
  class space    used 1240K, capacity 1332K, committed 1408K, reserved 1048576K
}
Event: 13.602 GC heap before
{Heap before GC invocations=15 (full 5):
 PSYoungGen      total 448512K, used 223744K [0x00000000d6f80000, 0x0000000100000000, 0x0000000100000000)
  eden space 224768K, 0% used [0x00000000d6f80000,0x00000000d6f80000,0x00000000e4b00000)
  from space 223744K, 100% used [0x00000000f2580000,0x0000000100000000,0x0000000100000000)
  to   space 223744K, 0% used [0x00000000e4b00000,0x00000000e4b00000,0x00000000f2580000)
 ParOldGen       total 556544K, used 555880K [0x0000000084e00000, 0x00000000a6d80000, 0x00000000d6f80000)
  object space 556544K, 99% used [0x0000000084e00000,0x00000000a6cda2b8,0x00000000a6d80000)
 Metaspace       used 11266K, capacity 11554K, committed 11904K, reserved 1060864K
  class space    used 1240K, capacity 1332K, committed 1408K, reserved 1048576K

