# JRE version: OpenJDK Runtime Environment (8.0_171-b11) (build 1.8.0_171-8u171-b11-0ubuntu0.18.04.1-b11)
# Java VM: OpenJDK 64-Bit Server VM (25.171-b11 mixed mode linux-amd64 compressed oops)
Heap:
 PSYoungGen      total 448512K, used 0K [0x00000000d6f80000, 0x0000000100000000, 0x0000000100000000)
  eden space 224768K, 0% used [0x00000000d6f80000,0x00000000d6f80000,0x00000000e4b00000)
  from space 223744K, 0% used [0x00000000f2580000,0x00000000f2580000,0x0000000100000000)
  to   space 223744K, 0% used [0x00000000e4b00000,0x00000000e4b00000,0x00000000f2580000)
 ParOldGen       total 553472K, used 523995K [0x0000000084e00000, 0x00000000a6a80000, 0x00000000d6f80000)
  object space 553472K, 94% used [0x0000000084e00000,0x00000000a4db6f60,0x00000000a6a80000)
 Metaspace       used 11308K, capacity 11622K, committed 11904K, reserved 1060864K
  class space    used 1239K, capacity 1332K, committed 1408K, reserved 1048576K
GC Heap History (10 events):
Event: 5.429 GC heap after
Heap after GC invocations=10 (full 3):
 PSYoungGen      total 282624K, used 150528K [0x00000000d6f80000, 0x00000000fe700000, 0x0000000100000000)
  eden space 132096K, 0% used [0x00000000d6f80000,0x00000000d6f80000,0x00000000df080000)
  from space 150528K, 100% used [0x00000000df080000,0x00000000e8380000,0x00000000e8380000)
  to   space 223744K, 0% used [0x00000000f0c80000,0x00000000f0c80000,0x00000000fe700000)
 ParOldGen       total 338944K, used 251382K [0x0000000084e00000, 0x0000000099900000, 0x00000000d6f80000)
  object space 338944K, 74% used [0x0000000084e00000,0x000000009437d898,0x0000000099900000)
 Metaspace       used 11248K, capacity 11554K, committed 11904K, reserved 1060864K
  class space    used 1239K, capacity 1332K, committed 1408K, reserved 1048576K
}
Event: 5.429 GC heap before
{Heap before GC invocations=11 (full 4):
 PSYoungGen      total 282624K, used 150528K [0x00000000d6f80000, 0x00000000fe700000, 0x0000000100000000)
  eden space 132096K, 0% used [0x00000000d6f80000,0x00000000d6f80000,0x00000000df080000)
  from space 150528K, 100% used [0x00000000df080000,0x00000000e8380000,0x00000000e8380000)
  to   space 223744K, 0% used [0x00000000f0c80000,0x00000000f0c80000,0x00000000fe700000)
 ParOldGen       total 338944K, used 251382K [0x0000000084e00000, 0x0000000099900000, 0x00000000d6f80000)
  object space 338944K, 74% used [0x0000000084e00000,0x000000009437d898,0x0000000099900000)
 Metaspace       used 11248K, capacity 11554K, committed 11904K, reserved 1060864K
  class space    used 1239K, capacity 1332K, committed 1408K, reserved 1048576K
Event: 7.333 GC heap after
Heap after GC invocations=11 (full 4):
 PSYoungGen      total 282624K, used 0K [0x00000000d6f80000, 0x00000000fe700000, 0x0000000100000000)
  eden space 132096K, 0% used [0x00000000d6f80000,0x00000000d6f80000,0x00000000df080000)
  from space 150528K, 0% used [0x00000000df080000,0x00000000df080000,0x00000000e8380000)
  to   space 223744K, 0% used [0x00000000f0c80000,0x00000000f0c80000,0x00000000fe700000)
 ParOldGen       total 516608K, used 272285K [0x0000000084e00000, 0x00000000a4680000, 0x00000000d6f80000)
  object space 516608K, 52% used [0x0000000084e00000,0x00000000957e7740,0x00000000a4680000)
 Metaspace       used 11248K, capacity 11554K, committed 11904K, reserved 1060864K
  class space    used 1239K, capacity 1332K, committed 1408K, reserved 1048576K
}
Event: 7.397 GC heap before
{Heap before GC invocations=12 (full 4):
 PSYoungGen      total 282624K, used 132096K [0x00000000d6f80000, 0x00000000fe700000, 0x0000000100000000)
  eden space 132096K, 100% used [0x00000000d6f80000,0x00000000df080000,0x00000000df080000)
  from space 150528K, 0% used [0x00000000df080000,0x00000000df080000,0x00000000e8380000)
  to   space 223744K, 0% used [0x00000000f0c80000,0x00000000f0c80000,0x00000000fe700000)
 ParOldGen       total 516608K, used 272285K [0x0000000084e00000, 0x00000000a4680000, 0x00000000d6f80000)
  object space 516608K, 52% used [0x0000000084e00000,0x00000000957e7740,0x00000000a4680000)
 Metaspace       used 11271K, capacity 11554K, committed 11904K, reserved 1060864K
  class space    used 1239K, capacity 1332K, committed 1408K, reserved 1048576K
Event: 7.754 GC heap after
Heap after GC invocations=12 (full 4):
 PSYoungGen      total 400384K, used 130528K [0x00000000d6f80000, 0x00000000fdc00000, 0x0000000100000000)
  eden space 187904K, 0% used [0x00000000d6f80000,0x00000000d6f80000,0x00000000e2700000)
  from space 212480K, 61% used [0x00000000f0c80000,0x00000000f8bf8000,0x00000000fdc00000)
  to   space 223744K, 0% used [0x00000000e2700000,0x00000000e2700000,0x00000000f0180000)
 ParOldGen       total 516608K, used 272293K [0x0000000084e00000, 0x00000000a4680000, 0x00000000d6f80000)
  object space 516608K, 52% used [0x0000000084e00000,0x00000000957e9740,0x00000000a4680000)
 Metaspace       used 11271K, capacity 11554K, committed 11904K, reserved 1060864K
  class space    used 1239K, capacity 1332K, committed 1408K, reserved 1048576K
}
Event: 7.848 GC heap before
{Heap before GC invocations=13 (full 4):
 PSYoungGen      total 400384K, used 318432K [0x00000000d6f80000, 0x00000000fdc00000, 0x0000000100000000)
  eden space 187904K, 100% used [0x00000000d6f80000,0x00000000e2700000,0x00000000e2700000)
  from space 212480K, 61% used [0x00000000f0c80000,0x00000000f8bf8000,0x00000000fdc00000)
  to   space 223744K, 0% used [0x00000000e2700000,0x00000000e2700000,0x00000000f0180000)
 ParOldGen       total 516608K, used 272293K [0x0000000084e00000, 0x00000000a4680000, 0x00000000d6f80000)
  object space 516608K, 52% used [0x0000000084e00000,0x00000000957e9740,0x00000000a4680000)
 Metaspace       used 11300K, capacity 11622K, committed 11904K, reserved 1060864K
  class space    used 1239K, capacity 1332K, committed 1408K, reserved 1048576K
Event: 8.698 GC heap after
Heap after GC invocations=13 (full 4):
 PSYoungGen      total 411648K, used 223744K [0x00000000d6f80000, 0x0000000100000000, 0x0000000100000000)
  eden space 187904K, 0% used [0x00000000d6f80000,0x00000000d6f80000,0x00000000e2700000)
  from space 223744K, 100% used [0x00000000e2700000,0x00000000f0180000,0x00000000f0180000)
  to   space 223744K, 0% used [0x00000000f2580000,0x00000000f2580000,0x0000000100000000)
 ParOldGen       total 516608K, used 365725K [0x0000000084e00000, 0x00000000a4680000, 0x00000000d6f80000)
  object space 516608K, 70% used [0x0000000084e00000,0x000000009b327740,0x00000000a4680000)
 Metaspace       used 11300K, capacity 11622K, committed 11904K, reserved 1060864K
  class space    used 1239K, capacity 1332K, committed 1408K, reserved 1048576K
}
Event: 8.790 GC heap before
{Heap before GC invocations=14 (full 4):
 PSYoungGen      total 411648K, used 411648K [0x00000000d6f80000, 0x0000000100000000, 0x0000000100000000)
  eden space 187904K, 100% used [0x00000000d6f80000,0x00000000e2700000,0x00000000e2700000)
  from space 223744K, 100% used [0x00000000e2700000,0x00000000f0180000,0x00000000f0180000)
  to   space 223744K, 0% used [0x00000000f2580000,0x00000000f2580000,0x0000000100000000)
 ParOldGen       total 516608K, used 365725K [0x0000000084e00000, 0x00000000a4680000, 0x00000000d6f80000)
  object space 516608K, 70% used [0x0000000084e00000,0x000000009b327740,0x00000000a4680000)
 Metaspace       used 11308K, capacity 11622K, committed 11904K, reserved 1060864K
  class space    used 1239K, capacity 1332K, committed 1408K, reserved 1048576K
Event: 9.472 GC heap after
Heap after GC invocations=14 (full 4):
 PSYoungGen      total 448512K, used 223744K [0x00000000d6f80000, 0x0000000100000000, 0x0000000100000000)
  eden space 224768K, 0% used [0x00000000d6f80000,0x00000000d6f80000,0x00000000e4b00000)
  from space 223744K, 100% used [0x00000000f2580000,0x0000000100000000,0x0000000100000000)
  to   space 223744K, 0% used [0x00000000e4b00000,0x00000000e4b00000,0x00000000f2580000)
 ParOldGen       total 553472K, used 553309K [0x0000000084e00000, 0x00000000a6a80000, 0x00000000d6f80000)
  object space 553472K, 99% used [0x0000000084e00000,0x00000000a6a57740,0x00000000a6a80000)
 Metaspace       used 11308K, capacity 11622K, committed 11904K, reserved 1060864K
  class space    used 1239K, capacity 1332K, committed 1408K, reserved 1048576K
}
Event: 9.472 GC heap before
{Heap before GC invocations=15 (full 5):
 PSYoungGen      total 448512K, used 223744K [0x00000000d6f80000, 0x0000000100000000, 0x0000000100000000)
  eden space 224768K, 0% used [0x00000000d6f80000,0x00000000d6f80000,0x00000000e4b00000)
  from space 223744K, 100% used [0x00000000f2580000,0x0000000100000000,0x0000000100000000)
  to   space 223744K, 0% used [0x00000000e4b00000,0x00000000e4b00000,0x00000000f2580000)
 ParOldGen       total 553472K, used 553309K [0x0000000084e00000, 0x00000000a6a80000, 0x00000000d6f80000)
  object space 553472K, 99% used [0x0000000084e00000,0x00000000a6a57740,0x00000000a6a80000)
 Metaspace       used 11308K, capacity 11622K, committed 11904K, reserved 1060864K
  class space    used 1239K, capacity 1332K, committed 1408K, reserved 1048576K

