# JRE version: OpenJDK Runtime Environment (8.0_171-b11) (build 1.8.0_171-8u171-b11-0ubuntu0.18.04.1-b11)
# Java VM: OpenJDK 64-Bit Server VM (25.171-b11 mixed mode linux-amd64 compressed oops)
Heap:
 PSYoungGen      total 448512K, used 0K [0x00000000d6f80000, 0x0000000100000000, 0x0000000100000000)
  eden space 224768K, 0% used [0x00000000d6f80000,0x00000000d6f80000,0x00000000e4b00000)
  from space 223744K, 0% used [0x00000000e4b00000,0x00000000e4b00000,0x00000000f2580000)
  to   space 223744K, 0% used [0x00000000f2580000,0x00000000f2580000,0x0000000100000000)
 ParOldGen       total 718336K, used 647716K [0x0000000084e00000, 0x00000000b0b80000, 0x00000000d6f80000)
  object space 718336K, 90% used [0x0000000084e00000,0x00000000ac689310,0x00000000b0b80000)
 Metaspace       used 11306K, capacity 11618K, committed 11904K, reserved 1060864K
  class space    used 1241K, capacity 1332K, committed 1408K, reserved 1048576K
GC Heap History (10 events):
Event: 7.443 GC heap after
Heap after GC invocations=12 (full 4):
 PSYoungGen      total 408064K, used 135392K [0x00000000d6f80000, 0x00000000fe200000, 0x0000000100000000)
  eden space 194048K, 0% used [0x00000000d6f80000,0x00000000d6f80000,0x00000000e2d00000)
  from space 214016K, 63% used [0x00000000f1100000,0x00000000f9538000,0x00000000fe200000)
  to   space 223744K, 0% used [0x00000000e2d00000,0x00000000e2d00000,0x00000000f0780000)
 ParOldGen       total 518656K, used 274005K [0x0000000084e00000, 0x00000000a4880000, 0x00000000d6f80000)
  object space 518656K, 52% used [0x0000000084e00000,0x0000000095995598,0x00000000a4880000)
 Metaspace       used 11304K, capacity 11618K, committed 11904K, reserved 1060864K
  class space    used 1241K, capacity 1332K, committed 1408K, reserved 1048576K
}
Event: 7.517 GC heap before
{Heap before GC invocations=13 (full 4):
 PSYoungGen      total 408064K, used 329440K [0x00000000d6f80000, 0x00000000fe200000, 0x0000000100000000)
  eden space 194048K, 100% used [0x00000000d6f80000,0x00000000e2d00000,0x00000000e2d00000)
  from space 214016K, 63% used [0x00000000f1100000,0x00000000f9538000,0x00000000fe200000)
  to   space 223744K, 0% used [0x00000000e2d00000,0x00000000e2d00000,0x00000000f0780000)
 ParOldGen       total 518656K, used 274005K [0x0000000084e00000, 0x00000000a4880000, 0x00000000d6f80000)
  object space 518656K, 52% used [0x0000000084e00000,0x0000000095995598,0x00000000a4880000)
 Metaspace       used 11304K, capacity 11618K, committed 11904K, reserved 1060864K
  class space    used 1241K, capacity 1332K, committed 1408K, reserved 1048576K
Event: 8.367 GC heap after
Heap after GC invocations=13 (full 4):
 PSYoungGen      total 417792K, used 223744K [0x00000000d6f80000, 0x0000000100000000, 0x0000000100000000)
  eden space 194048K, 0% used [0x00000000d6f80000,0x00000000d6f80000,0x00000000e2d00000)
  from space 223744K, 100% used [0x00000000e2d00000,0x00000000f0780000,0x00000000f0780000)
  to   space 223744K, 0% used [0x00000000f2580000,0x00000000f2580000,0x0000000100000000)
 ParOldGen       total 518656K, used 379933K [0x0000000084e00000, 0x00000000a4880000, 0x00000000d6f80000)
  object space 518656K, 73% used [0x0000000084e00000,0x000000009c107598,0x00000000a4880000)
 Metaspace       used 11304K, capacity 11618K, committed 11904K, reserved 1060864K
  class space    used 1241K, capacity 1332K, committed 1408K, reserved 1048576K
}
Event: 8.368 GC heap before
{Heap before GC invocations=14 (full 5):
 PSYoungGen      total 417792K, used 223744K [0x00000000d6f80000, 0x0000000100000000, 0x0000000100000000)
  eden space 194048K, 0% used [0x00000000d6f80000,0x00000000d6f80000,0x00000000e2d00000)
  from space 223744K, 100% used [0x00000000e2d00000,0x00000000f0780000,0x00000000f0780000)
  to   space 223744K, 0% used [0x00000000f2580000,0x00000000f2580000,0x0000000100000000)
 ParOldGen       total 518656K, used 379933K [0x0000000084e00000, 0x00000000a4880000, 0x00000000d6f80000)
  object space 518656K, 73% used [0x0000000084e00000,0x000000009c107598,0x00000000a4880000)
 Metaspace       used 11304K, capacity 11618K, committed 11904K, reserved 1060864K
  class space    used 1241K, capacity 1332K, committed 1408K, reserved 1048576K
Event: 11.539 GC heap after
Heap after GC invocations=14 (full 5):
 PSYoungGen      total 417792K, used 0K [0x00000000d6f80000, 0x0000000100000000, 0x0000000100000000)
  eden space 194048K, 0% used [0x00000000d6f80000,0x00000000d6f80000,0x00000000e2d00000)
  from space 223744K, 0% used [0x00000000e2d00000,0x00000000e2d00000,0x00000000f0780000)
  to   space 223744K, 0% used [0x00000000f2580000,0x00000000f2580000,0x0000000100000000)
 ParOldGen       total 718336K, used 438522K [0x0000000084e00000, 0x00000000b0b80000, 0x00000000d6f80000)
  object space 718336K, 61% used [0x0000000084e00000,0x000000009fa3eab0,0x00000000b0b80000)
 Metaspace       used 11304K, capacity 11618K, committed 11904K, reserved 1060864K
  class space    used 1241K, capacity 1332K, committed 1408K, reserved 1048576K
}
Event: 11.629 GC heap before
{Heap before GC invocations=15 (full 5):
 PSYoungGen      total 417792K, used 194048K [0x00000000d6f80000, 0x0000000100000000, 0x0000000100000000)
  eden space 194048K, 100% used [0x00000000d6f80000,0x00000000e2d00000,0x00000000e2d00000)
  from space 223744K, 0% used [0x00000000e2d00000,0x00000000e2d00000,0x00000000f0780000)
  to   space 223744K, 0% used [0x00000000f2580000,0x00000000f2580000,0x0000000100000000)
 ParOldGen       total 718336K, used 438522K [0x0000000084e00000, 0x00000000b0b80000, 0x00000000d6f80000)
  object space 718336K, 61% used [0x0000000084e00000,0x000000009fa3eab0,0x00000000b0b80000)
 Metaspace       used 11304K, capacity 11618K, committed 11904K, reserved 1060864K
  class space    used 1241K, capacity 1332K, committed 1408K, reserved 1048576K
Event: 12.160 GC heap after
Heap after GC invocations=15 (full 5):
 PSYoungGen      total 448512K, used 194080K [0x00000000d6f80000, 0x0000000100000000, 0x0000000100000000)
  eden space 224768K, 0% used [0x00000000d6f80000,0x00000000d6f80000,0x00000000e4b00000)
  from space 223744K, 86% used [0x00000000f2580000,0x00000000fe308000,0x0000000100000000)
  to   space 223744K, 0% used [0x00000000e4b00000,0x00000000e4b00000,0x00000000f2580000)
 ParOldGen       total 718336K, used 438522K [0x0000000084e00000, 0x00000000b0b80000, 0x00000000d6f80000)
  object space 718336K, 61% used [0x0000000084e00000,0x000000009fa3eab0,0x00000000b0b80000)
 Metaspace       used 11304K, capacity 11618K, committed 11904K, reserved 1060864K
  class space    used 1241K, capacity 1332K, committed 1408K, reserved 1048576K
}
Event: 12.273 GC heap before
{Heap before GC invocations=16 (full 5):
 PSYoungGen      total 448512K, used 418848K [0x00000000d6f80000, 0x0000000100000000, 0x0000000100000000)
  eden space 224768K, 100% used [0x00000000d6f80000,0x00000000e4b00000,0x00000000e4b00000)
  from space 223744K, 86% used [0x00000000f2580000,0x00000000fe308000,0x0000000100000000)
  to   space 223744K, 0% used [0x00000000e4b00000,0x00000000e4b00000,0x00000000f2580000)
 ParOldGen       total 718336K, used 438522K [0x0000000084e00000, 0x00000000b0b80000, 0x00000000d6f80000)
  object space 718336K, 61% used [0x0000000084e00000,0x000000009fa3eab0,0x00000000b0b80000)
 Metaspace       used 11306K, capacity 11618K, committed 11904K, reserved 1060864K
  class space    used 1241K, capacity 1332K, committed 1408K, reserved 1048576K
Event: 13.367 GC heap after
Heap after GC invocations=16 (full 5):
 PSYoungGen      total 448512K, used 223744K [0x00000000d6f80000, 0x0000000100000000, 0x0000000100000000)
  eden space 224768K, 0% used [0x00000000d6f80000,0x00000000d6f80000,0x00000000e4b00000)
  from space 223744K, 100% used [0x00000000e4b00000,0x00000000f2580000,0x00000000f2580000)
  to   space 223744K, 0% used [0x00000000f2580000,0x00000000f2580000,0x0000000100000000)
 ParOldGen       total 718336K, used 634154K [0x0000000084e00000, 0x00000000b0b80000, 0x00000000d6f80000)
  object space 718336K, 88% used [0x0000000084e00000,0x00000000ab94aab0,0x00000000b0b80000)
 Metaspace       used 11306K, capacity 11618K, committed 11904K, reserved 1060864K
  class space    used 1241K, capacity 1332K, committed 1408K, reserved 1048576K
}
Event: 13.367 GC heap before
{Heap before GC invocations=17 (full 6):
 PSYoungGen      total 448512K, used 223744K [0x00000000d6f80000, 0x0000000100000000, 0x0000000100000000)
  eden space 224768K, 0% used [0x00000000d6f80000,0x00000000d6f80000,0x00000000e4b00000)
  from space 223744K, 100% used [0x00000000e4b00000,0x00000000f2580000,0x00000000f2580000)
  to   space 223744K, 0% used [0x00000000f2580000,0x00000000f2580000,0x0000000100000000)
 ParOldGen       total 718336K, used 634154K [0x0000000084e00000, 0x00000000b0b80000, 0x00000000d6f80000)
  object space 718336K, 88% used [0x0000000084e00000,0x00000000ab94aab0,0x00000000b0b80000)
 Metaspace       used 11306K, capacity 11618K, committed 11904K, reserved 1060864K
  class space    used 1241K, capacity 1332K, committed 1408K, reserved 1048576K

