# JRE version: OpenJDK Runtime Environment (8.0_171-b11) (build 1.8.0_171-8u171-b11-0ubuntu0.18.04.1-b11)
# Java VM: OpenJDK 64-Bit Server VM (25.171-b11 mixed mode linux-amd64 compressed oops)
Heap:
 PSYoungGen      total 448512K, used 0K [0x00000000d6f80000, 0x0000000100000000, 0x0000000100000000)
  eden space 224768K, 0% used [0x00000000d6f80000,0x00000000d6f80000,0x00000000e4b00000)
  from space 223744K, 0% used [0x00000000f2580000,0x00000000f2580000,0x0000000100000000)
  to   space 223744K, 0% used [0x00000000e4b00000,0x00000000e4b00000,0x00000000f2580000)
 ParOldGen       total 841216K, used 745500K [0x0000000084e00000, 0x00000000b8380000, 0x00000000d6f80000)
  object space 841216K, 88% used [0x0000000084e00000,0x00000000b2607150,0x00000000b8380000)
 Metaspace       used 11347K, capacity 11618K, committed 11904K, reserved 1060864K
  class space    used 1243K, capacity 1332K, committed 1408K, reserved 1048576K
GC Heap History (10 events):
Event: 9.873 GC heap after
Heap after GC invocations=13 (full 4):
 PSYoungGen      total 409600K, used 223744K [0x00000000d6f80000, 0x0000000100000000, 0x0000000100000000)
  eden space 185856K, 0% used [0x00000000d6f80000,0x00000000d6f80000,0x00000000e2500000)
  from space 223744K, 100% used [0x00000000e2500000,0x00000000eff80000,0x00000000eff80000)
  to   space 223744K, 0% used [0x00000000f2580000,0x00000000f2580000,0x0000000100000000)
 ParOldGen       total 513536K, used 363022K [0x0000000084e00000, 0x00000000a4380000, 0x00000000d6f80000)
  object space 513536K, 70% used [0x0000000084e00000,0x000000009b083ab0,0x00000000a4380000)
 Metaspace       used 11340K, capacity 11618K, committed 11904K, reserved 1060864K
  class space    used 1243K, capacity 1332K, committed 1408K, reserved 1048576K
}
Event: 9.971 GC heap before
{Heap before GC invocations=14 (full 4):
 PSYoungGen      total 409600K, used 409600K [0x00000000d6f80000, 0x0000000100000000, 0x0000000100000000)
  eden space 185856K, 100% used [0x00000000d6f80000,0x00000000e2500000,0x00000000e2500000)
  from space 223744K, 100% used [0x00000000e2500000,0x00000000eff80000,0x00000000eff80000)
  to   space 223744K, 0% used [0x00000000f2580000,0x00000000f2580000,0x0000000100000000)
 ParOldGen       total 513536K, used 363022K [0x0000000084e00000, 0x00000000a4380000, 0x00000000d6f80000)
  object space 513536K, 70% used [0x0000000084e00000,0x000000009b083ab0,0x00000000a4380000)
 Metaspace       used 11344K, capacity 11618K, committed 11904K, reserved 1060864K
  class space    used 1243K, capacity 1332K, committed 1408K, reserved 1048576K
Event: 12.054 GC heap after
Heap after GC invocations=14 (full 4):
 PSYoungGen      total 448512K, used 223744K [0x00000000d6f80000, 0x0000000100000000, 0x0000000100000000)
  eden space 224768K, 0% used [0x00000000d6f80000,0x00000000d6f80000,0x00000000e4b00000)
  from space 223744K, 100% used [0x00000000f2580000,0x0000000100000000,0x0000000100000000)
  to   space 223744K, 0% used [0x00000000e4b00000,0x00000000e4b00000,0x00000000f2580000)
 ParOldGen       total 550912K, used 549030K [0x0000000084e00000, 0x00000000a6800000, 0x00000000d6f80000)
  object space 550912K, 99% used [0x0000000084e00000,0x00000000a6629ab0,0x00000000a6800000)
 Metaspace       used 11344K, capacity 11618K, committed 11904K, reserved 1060864K
  class space    used 1243K, capacity 1332K, committed 1408K, reserved 1048576K
}
Event: 12.054 GC heap before
{Heap before GC invocations=15 (full 5):
 PSYoungGen      total 448512K, used 223744K [0x00000000d6f80000, 0x0000000100000000, 0x0000000100000000)
  eden space 224768K, 0% used [0x00000000d6f80000,0x00000000d6f80000,0x00000000e4b00000)
  from space 223744K, 100% used [0x00000000f2580000,0x0000000100000000,0x0000000100000000)
  to   space 223744K, 0% used [0x00000000e4b00000,0x00000000e4b00000,0x00000000f2580000)
 ParOldGen       total 550912K, used 549030K [0x0000000084e00000, 0x00000000a6800000, 0x00000000d6f80000)
  object space 550912K, 99% used [0x0000000084e00000,0x00000000a6629ab0,0x00000000a6800000)
 Metaspace       used 11344K, capacity 11618K, committed 11904K, reserved 1060864K
  class space    used 1243K, capacity 1332K, committed 1408K, reserved 1048576K
Event: 16.767 GC heap after
Heap after GC invocations=15 (full 5):
 PSYoungGen      total 448512K, used 0K [0x00000000d6f80000, 0x0000000100000000, 0x0000000100000000)
  eden space 224768K, 0% used [0x00000000d6f80000,0x00000000d6f80000,0x00000000e4b00000)
  from space 223744K, 0% used [0x00000000f2580000,0x00000000f2580000,0x0000000100000000)
  to   space 223744K, 0% used [0x00000000e4b00000,0x00000000e4b00000,0x00000000f2580000)
 ParOldGen       total 841216K, used 520877K [0x0000000084e00000, 0x00000000b8380000, 0x00000000d6f80000)
  object space 841216K, 61% used [0x0000000084e00000,0x00000000a4aab7f0,0x00000000b8380000)
 Metaspace       used 11344K, capacity 11618K, committed 11904K, reserved 1060864K
  class space    used 1243K, capacity 1332K, committed 1408K, reserved 1048576K
}
Event: 16.884 GC heap before
{Heap before GC invocations=16 (full 5):
 PSYoungGen      total 448512K, used 224768K [0x00000000d6f80000, 0x0000000100000000, 0x0000000100000000)
  eden space 224768K, 100% used [0x00000000d6f80000,0x00000000e4b00000,0x00000000e4b00000)
  from space 223744K, 0% used [0x00000000f2580000,0x00000000f2580000,0x0000000100000000)
  to   space 223744K, 0% used [0x00000000e4b00000,0x00000000e4b00000,0x00000000f2580000)
 ParOldGen       total 841216K, used 520877K [0x0000000084e00000, 0x00000000b8380000, 0x00000000d6f80000)
  object space 841216K, 61% used [0x0000000084e00000,0x00000000a4aab7f0,0x00000000b8380000)
 Metaspace       used 11346K, capacity 11618K, committed 11904K, reserved 1060864K
  class space    used 1243K, capacity 1332K, committed 1408K, reserved 1048576K
Event: 17.597 GC heap after
Heap after GC invocations=16 (full 5):
 PSYoungGen      total 448512K, used 223744K [0x00000000d6f80000, 0x0000000100000000, 0x0000000100000000)
  eden space 224768K, 0% used [0x00000000d6f80000,0x00000000d6f80000,0x00000000e4b00000)
  from space 223744K, 100% used [0x00000000e4b00000,0x00000000f2580000,0x00000000f2580000)
  to   space 223744K, 0% used [0x00000000f2580000,0x00000000f2580000,0x0000000100000000)
 ParOldGen       total 841216K, used 521893K [0x0000000084e00000, 0x00000000b8380000, 0x00000000d6f80000)
  object space 841216K, 62% used [0x0000000084e00000,0x00000000a4ba97f0,0x00000000b8380000)
 Metaspace       used 11346K, capacity 11618K, committed 11904K, reserved 1060864K
  class space    used 1243K, capacity 1332K, committed 1408K, reserved 1048576K
}
Event: 17.773 GC heap before
{Heap before GC invocations=17 (full 5):
 PSYoungGen      total 448512K, used 448512K [0x00000000d6f80000, 0x0000000100000000, 0x0000000100000000)
  eden space 224768K, 100% used [0x00000000d6f80000,0x00000000e4b00000,0x00000000e4b00000)
  from space 223744K, 100% used [0x00000000e4b00000,0x00000000f2580000,0x00000000f2580000)
  to   space 223744K, 0% used [0x00000000f2580000,0x00000000f2580000,0x0000000100000000)
 ParOldGen       total 841216K, used 521893K [0x0000000084e00000, 0x00000000b8380000, 0x00000000d6f80000)
  object space 841216K, 62% used [0x0000000084e00000,0x00000000a4ba97f0,0x00000000b8380000)
 Metaspace       used 11347K, capacity 11618K, committed 11904K, reserved 1060864K
  class space    used 1243K, capacity 1332K, committed 1408K, reserved 1048576K
Event: 19.117 GC heap after
Heap after GC invocations=17 (full 5):
 PSYoungGen      total 448512K, used 223744K [0x00000000d6f80000, 0x0000000100000000, 0x0000000100000000)
  eden space 224768K, 0% used [0x00000000d6f80000,0x00000000d6f80000,0x00000000e4b00000)
  from space 223744K, 100% used [0x00000000f2580000,0x0000000100000000,0x0000000100000000)
  to   space 223744K, 0% used [0x00000000e4b00000,0x00000000e4b00000,0x00000000f2580000)
 ParOldGen       total 841216K, used 747517K [0x0000000084e00000, 0x00000000b8380000, 0x00000000d6f80000)
  object space 841216K, 88% used [0x0000000084e00000,0x00000000b27ff7f0,0x00000000b8380000)
 Metaspace       used 11347K, capacity 11618K, committed 11904K, reserved 1060864K
  class space    used 1243K, capacity 1332K, committed 1408K, reserved 1048576K
}
Event: 19.118 GC heap before
{Heap before GC invocations=18 (full 6):
 PSYoungGen      total 448512K, used 223744K [0x00000000d6f80000, 0x0000000100000000, 0x0000000100000000)
  eden space 224768K, 0% used [0x00000000d6f80000,0x00000000d6f80000,0x00000000e4b00000)
  from space 223744K, 100% used [0x00000000f2580000,0x0000000100000000,0x0000000100000000)
  to   space 223744K, 0% used [0x00000000e4b00000,0x00000000e4b00000,0x00000000f2580000)
 ParOldGen       total 841216K, used 747517K [0x0000000084e00000, 0x00000000b8380000, 0x00000000d6f80000)
  object space 841216K, 88% used [0x0000000084e00000,0x00000000b27ff7f0,0x00000000b8380000)
 Metaspace       used 11347K, capacity 11618K, committed 11904K, reserved 1060864K
  class space    used 1243K, capacity 1332K, committed 1408K, reserved 1048576K

