# JRE version: OpenJDK Runtime Environment (8.0_171-b11) (build 1.8.0_171-8u171-b11-0ubuntu0.18.04.1-b11)
# Java VM: OpenJDK 64-Bit Server VM (25.171-b11 mixed mode linux-amd64 compressed oops)
Heap:
 PSYoungGen      total 448512K, used 0K [0x00000000d6f80000, 0x0000000100000000, 0x0000000100000000)
  eden space 224768K, 0% used [0x00000000d6f80000,0x00000000d6f80000,0x00000000e4b00000)
  from space 223744K, 0% used [0x00000000e4b00000,0x00000000e4b00000,0x00000000f2580000)
  to   space 223744K, 0% used [0x00000000f2580000,0x00000000f2580000,0x0000000100000000)
 ParOldGen       total 722944K, used 648414K [0x0000000084e00000, 0x00000000b1000000, 0x00000000d6f80000)
  object space 722944K, 89% used [0x0000000084e00000,0x00000000ac7379e8,0x00000000b1000000)
 Metaspace       used 11319K, capacity 11618K, committed 11904K, reserved 1060864K
  class space    used 1241K, capacity 1332K, committed 1408K, reserved 1048576K
GC Heap History (10 events):
Event: 7.315 GC heap after
Heap after GC invocations=12 (full 4):
 PSYoungGen      total 406016K, used 135360K [0x00000000d6f80000, 0x00000000fe200000, 0x0000000100000000)
  eden space 194048K, 0% used [0x00000000d6f80000,0x00000000d6f80000,0x00000000e2d00000)
  from space 211968K, 63% used [0x00000000f1300000,0x00000000f9730000,0x00000000fe200000)
  to   space 223744K, 0% used [0x00000000e2d00000,0x00000000e2d00000,0x00000000f0780000)
 ParOldGen       total 518144K, used 274710K [0x0000000084e00000, 0x00000000a4800000, 0x00000000d6f80000)
  object space 518144K, 53% used [0x0000000084e00000,0x0000000095a45820,0x00000000a4800000)
 Metaspace       used 11300K, capacity 11618K, committed 11904K, reserved 1060864K
  class space    used 1239K, capacity 1332K, committed 1408K, reserved 1048576K
}
Event: 7.384 GC heap before
{Heap before GC invocations=13 (full 4):
 PSYoungGen      total 406016K, used 329408K [0x00000000d6f80000, 0x00000000fe200000, 0x0000000100000000)
  eden space 194048K, 100% used [0x00000000d6f80000,0x00000000e2d00000,0x00000000e2d00000)
  from space 211968K, 63% used [0x00000000f1300000,0x00000000f9730000,0x00000000fe200000)
  to   space 223744K, 0% used [0x00000000e2d00000,0x00000000e2d00000,0x00000000f0780000)
 ParOldGen       total 518144K, used 274710K [0x0000000084e00000, 0x00000000a4800000, 0x00000000d6f80000)
  object space 518144K, 53% used [0x0000000084e00000,0x0000000095a45820,0x00000000a4800000)
 Metaspace       used 11300K, capacity 11618K, committed 11904K, reserved 1060864K
  class space    used 1239K, capacity 1332K, committed 1408K, reserved 1048576K
Event: 8.201 GC heap after
Heap after GC invocations=13 (full 4):
 PSYoungGen      total 417792K, used 223744K [0x00000000d6f80000, 0x0000000100000000, 0x0000000100000000)
  eden space 194048K, 0% used [0x00000000d6f80000,0x00000000d6f80000,0x00000000e2d00000)
  from space 223744K, 100% used [0x00000000e2d00000,0x00000000f0780000,0x00000000f0780000)
  to   space 223744K, 0% used [0x00000000f2580000,0x00000000f2580000,0x0000000100000000)
 ParOldGen       total 518144K, used 380670K [0x0000000084e00000, 0x00000000a4800000, 0x00000000d6f80000)
  object space 518144K, 73% used [0x0000000084e00000,0x000000009c1bf820,0x00000000a4800000)
 Metaspace       used 11300K, capacity 11618K, committed 11904K, reserved 1060864K
  class space    used 1239K, capacity 1332K, committed 1408K, reserved 1048576K
}
Event: 8.201 GC heap before
{Heap before GC invocations=14 (full 5):
 PSYoungGen      total 417792K, used 223744K [0x00000000d6f80000, 0x0000000100000000, 0x0000000100000000)
  eden space 194048K, 0% used [0x00000000d6f80000,0x00000000d6f80000,0x00000000e2d00000)
  from space 223744K, 100% used [0x00000000e2d00000,0x00000000f0780000,0x00000000f0780000)
  to   space 223744K, 0% used [0x00000000f2580000,0x00000000f2580000,0x0000000100000000)
 ParOldGen       total 518144K, used 380670K [0x0000000084e00000, 0x00000000a4800000, 0x00000000d6f80000)
  object space 518144K, 73% used [0x0000000084e00000,0x000000009c1bf820,0x00000000a4800000)
 Metaspace       used 11300K, capacity 11618K, committed 11904K, reserved 1060864K
  class space    used 1239K, capacity 1332K, committed 1408K, reserved 1048576K
Event: 11.032 GC heap after
Heap after GC invocations=14 (full 5):
 PSYoungGen      total 417792K, used 0K [0x00000000d6f80000, 0x0000000100000000, 0x0000000100000000)
  eden space 194048K, 0% used [0x00000000d6f80000,0x00000000d6f80000,0x00000000e2d00000)
  from space 223744K, 0% used [0x00000000e2d00000,0x00000000e2d00000,0x00000000f0780000)
  to   space 223744K, 0% used [0x00000000f2580000,0x00000000f2580000,0x0000000100000000)
 ParOldGen       total 722944K, used 439236K [0x0000000084e00000, 0x00000000b1000000, 0x00000000d6f80000)
  object space 722944K, 60% used [0x0000000084e00000,0x000000009faf1210,0x00000000b1000000)
 Metaspace       used 11300K, capacity 11618K, committed 11904K, reserved 1060864K
  class space    used 1239K, capacity 1332K, committed 1408K, reserved 1048576K
}
Event: 11.134 GC heap before
{Heap before GC invocations=15 (full 5):
 PSYoungGen      total 417792K, used 194048K [0x00000000d6f80000, 0x0000000100000000, 0x0000000100000000)
  eden space 194048K, 100% used [0x00000000d6f80000,0x00000000e2d00000,0x00000000e2d00000)
  from space 223744K, 0% used [0x00000000e2d00000,0x00000000e2d00000,0x00000000f0780000)
  to   space 223744K, 0% used [0x00000000f2580000,0x00000000f2580000,0x0000000100000000)
 ParOldGen       total 722944K, used 439236K [0x0000000084e00000, 0x00000000b1000000, 0x00000000d6f80000)
  object space 722944K, 60% used [0x0000000084e00000,0x000000009faf1210,0x00000000b1000000)
 Metaspace       used 11318K, capacity 11618K, committed 11904K, reserved 1060864K
  class space    used 1241K, capacity 1332K, committed 1408K, reserved 1048576K
Event: 11.610 GC heap after
Heap after GC invocations=15 (full 5):
 PSYoungGen      total 448512K, used 193952K [0x00000000d6f80000, 0x0000000100000000, 0x0000000100000000)
  eden space 224768K, 0% used [0x00000000d6f80000,0x00000000d6f80000,0x00000000e4b00000)
  from space 223744K, 86% used [0x00000000f2580000,0x00000000fe2e8000,0x0000000100000000)
  to   space 223744K, 0% used [0x00000000e4b00000,0x00000000e4b00000,0x00000000f2580000)
 ParOldGen       total 722944K, used 439236K [0x0000000084e00000, 0x00000000b1000000, 0x00000000d6f80000)
  object space 722944K, 60% used [0x0000000084e00000,0x000000009faf1210,0x00000000b1000000)
 Metaspace       used 11318K, capacity 11618K, committed 11904K, reserved 1060864K
  class space    used 1241K, capacity 1332K, committed 1408K, reserved 1048576K
}
Event: 11.694 GC heap before
{Heap before GC invocations=16 (full 5):
 PSYoungGen      total 448512K, used 418720K [0x00000000d6f80000, 0x0000000100000000, 0x0000000100000000)
  eden space 224768K, 100% used [0x00000000d6f80000,0x00000000e4b00000,0x00000000e4b00000)
  from space 223744K, 86% used [0x00000000f2580000,0x00000000fe2e8000,0x0000000100000000)
  to   space 223744K, 0% used [0x00000000e4b00000,0x00000000e4b00000,0x00000000f2580000)
 ParOldGen       total 722944K, used 439236K [0x0000000084e00000, 0x00000000b1000000, 0x00000000d6f80000)
  object space 722944K, 60% used [0x0000000084e00000,0x000000009faf1210,0x00000000b1000000)
 Metaspace       used 11319K, capacity 11618K, committed 11904K, reserved 1060864K
  class space    used 1241K, capacity 1332K, committed 1408K, reserved 1048576K
Event: 12.772 GC heap after
Heap after GC invocations=16 (full 5):
 PSYoungGen      total 448512K, used 223744K [0x00000000d6f80000, 0x0000000100000000, 0x0000000100000000)
  eden space 224768K, 0% used [0x00000000d6f80000,0x00000000d6f80000,0x00000000e4b00000)
  from space 223744K, 100% used [0x00000000e4b00000,0x00000000f2580000,0x00000000f2580000)
  to   space 223744K, 0% used [0x00000000f2580000,0x00000000f2580000,0x0000000100000000)
 ParOldGen       total 722944K, used 634884K [0x0000000084e00000, 0x00000000b1000000, 0x00000000d6f80000)
  object space 722944K, 87% used [0x0000000084e00000,0x00000000aba01210,0x00000000b1000000)
 Metaspace       used 11319K, capacity 11618K, committed 11904K, reserved 1060864K
  class space    used 1241K, capacity 1332K, committed 1408K, reserved 1048576K
}
Event: 12.772 GC heap before
{Heap before GC invocations=17 (full 6):
 PSYoungGen      total 448512K, used 223744K [0x00000000d6f80000, 0x0000000100000000, 0x0000000100000000)
  eden space 224768K, 0% used [0x00000000d6f80000,0x00000000d6f80000,0x00000000e4b00000)
  from space 223744K, 100% used [0x00000000e4b00000,0x00000000f2580000,0x00000000f2580000)
  to   space 223744K, 0% used [0x00000000f2580000,0x00000000f2580000,0x0000000100000000)
 ParOldGen       total 722944K, used 634884K [0x0000000084e00000, 0x00000000b1000000, 0x00000000d6f80000)
  object space 722944K, 87% used [0x0000000084e00000,0x00000000aba01210,0x00000000b1000000)
 Metaspace       used 11319K, capacity 11618K, committed 11904K, reserved 1060864K
  class space    used 1241K, capacity 1332K, committed 1408K, reserved 1048576K

